0    [main] INFO  com.mz.UI.MainClass  - MainClass start
1    [main] WARN  com.mz.database.template.context.handlers.TemplateContextHandlerPackageProvider  - URL Loading
0    [main] WARN  com.mz.database.template.context.handlers.TemplateContextHandlerPackageProvider  - URL Loading
0    [main] WARN  com.mz.database.template.context.handlers.TemplateContextHandlerPackageProvider  - URL Loading
0    [main] WARN  com.mz.database.template.context.handlers.TemplateContextHandlerPackageProvider  - URL Loading
0    [main] WARN  com.mz.database.template.context.handlers.TemplateContextHandlerPackageProvider  - URL Loading
0    [main] WARN  com.mz.database.template.context.handlers.TemplateContextHandlerPackageProvider  - URL Loading
0    [main] WARN  com.mz.database.template.context.handlers.TemplateContextHandlerPackageProvider  - URL Loading
0    [main] WARN  com.mz.database.template.context.handlers.TemplateContextHandlerPackageProvider  - URL Loading
0    [main] WARN  com.mz.database.template.context.handlers.TemplateContextHandlerPackageProvider  - URL Loading
0    [main] WARN  com.mz.database.template.context.handlers.TemplateContextHandlerPackageProvider  - URL Loading
0    [main] WARN  com.mz.database.template.context.handlers.TemplateContextHandlerPackageProvider  - URL Loading
0    [main] WARN  com.mz.database.template.context.handlers.TemplateContextHandlerPackageProvider  - URL Loading
0    [main] WARN  com.mz.database.template.context.handlers.TemplateContextHandlerPackageProvider  - URL Loading
0    [main] WARN  com.mz.database.template.context.handlers.TemplateContextHandlerPackageProvider  - URL Loading
0    [main] WARN  com.mz.database.template.context.handlers.TemplateContextHandlerPackageProvider  - URL Loading
0    [main] WARN  com.mz.database.template.context.handlers.TemplateContextHandlerPackageProvider  - URL Loading
0    [main] WARN  com.mz.database.template.context.handlers.TemplateContextHandlerPackageProvider  - URL Loading
0    [main] WARN  com.mz.database.template.context.handlers.TemplateContextHandlerPackageProvider  - URL Loading
0    [main] WARN  com.mz.database.template.context.handlers.TemplateContextHandlerPackageProvider  - URL Loading
0    [main] WARN  com.mz.database.template.context.handlers.TemplateContextHandlerPackageProvider  - URL Loading
0    [main] WARN  com.mz.database.template.context.handlers.TemplateContextHandlerPackageProvider  - URL Loading
0    [main] WARN  com.mz.database.template.context.handlers.TemplateContextHandlerPackageProvider  - URL Loading
0    [main] WARN  com.mz.database.template.context.handlers.TemplateContextHandlerPackageProvider  - URL Loading
0    [main] WARN  com.mz.database.template.context.handlers.TemplateContextHandlerPackageProvider  - URL Loading
0    [main] WARN  com.mz.database.template.context.handlers.TemplateContextHandlerPackageProvider  - URL Loading
0    [main] WARN  com.mz.database.template.context.handlers.TemplateContextHandlerPackageProvider  - URL Loading
0    [main] WARN  com.mz.database.template.context.handlers.TemplateContextHandlerPackageProvider  - URL Loading
0    [main] WARN  com.mz.database.template.context.handlers.TemplateContextHandlerPackageProvider  - URL Loading
0    [main] WARN  com.mz.database.template.context.handlers.TemplateContextHandlerPackageProvider  - URL Loading
0    [main] WARN  com.mz.database.template.context.handlers.TemplateContextHandlerPackageProvider  - URL Loading
0    [main] WARN  com.mz.database.template.context.handlers.TemplateContextHandlerPackageProvider  - URL Loading
0    [main] WARN  com.mz.database.template.context.handlers.TemplateContextHandlerPackageProvider  - URL Loading
0    [main] WARN  com.mz.database.template.context.handlers.TemplateContextHandlerPackageProvider  - URL Loading
0    [main] WARN  com.mz.database.template.context.handlers.TemplateContextHandlerPackageProvider  - URL Loading
0    [main] WARN  com.mz.database.template.context.handlers.TemplateContextHandlerPackageProvider  - URL Loading
0    [main] WARN  com.mz.database.template.context.handlers.TemplateContextHandlerPackageProvider  - URL Loading
0    [main] WARN  com.mz.database.template.context.handlers.TemplateContextHandlerPackageProvider  - URL Loading
0    [main] WARN  com.mz.database.template.context.handlers.TemplateContextHandlerPackageProvider  - URL Loading
0    [main] WARN  com.mz.database.template.context.handlers.TemplateContextHandlerPackageProvider  - URL Loading
1    [main] WARN  com.mz.database.template.context.handlers.TemplateContextHandlerPackageProvider  - URL Loading
0    [main] WARN  com.mz.database.template.context.handlers.TemplateContextHandlerPackageProvider  - URL Loading
0    [main] WARN  com.mz.database.template.context.handlers.TemplateContextHandlerPackageProvider  - URL Loading
0    [main] WARN  com.mz.database.template.context.handlers.TemplateContextHandlerPackageProvider  - URL Loading
0    [main] WARN  com.mz.database.template.context.handlers.TemplateContextHandlerPackageProvider  - URL Loading
0    [main] WARN  com.mz.database.template.context.handlers.TemplateContextHandlerPackageProvider  - URL Loading
1    [main] WARN  com.mz.database.template.context.handlers.TemplateContextHandlerPackageProvider  - URL Loading
0    [main] WARN  com.mz.database.template.context.handlers.TemplateContextHandlerPackageProvider  - URL Loading
1    [main] WARN  com.mz.database.template.context.handlers.TemplateContextHandlerPackageProvider  - URL Loading
0    [main] WARN  com.mz.database.template.context.handlers.TemplateContextHandlerPackageProvider  - URL Loading
0    [main] WARN  com.mz.database.template.context.handlers.TemplateContextHandlerPackageProvider  - URL Loading
0    [main] WARN  com.mz.database.template.context.handlers.TemplateContextHandlerPackageProvider  - URL Loading
0    [main] WARN  com.mz.database.template.context.handlers.TemplateContextHandlerPackageProvider  - URL Loading
0    [main] WARN  com.mz.database.template.context.handlers.TemplateContextHandlerPackageProvider  - URL Loading
0    [main] WARN  com.mz.database.template.context.handlers.TemplateContextHandlerPackageProvider  - URL Loading
0    [main] WARN  com.mz.database.template.context.handlers.TemplateContextHandlerPackageProvider  - URL Loading
0    [main] WARN  com.mz.database.template.context.handlers.TemplateContextHandlerPackageProvider  - URL Loading
0    [main] WARN  com.mz.database.template.context.handlers.TemplateContextHandlerPackageProvider  - URL Loading
0    [main] WARN  com.mz.database.template.context.handlers.TemplateContextHandlerPackageProvider  - URL Loading
0    [main] WARN  com.mz.database.template.context.handlers.TemplateContextHandlerPackageProvider  - URL Loading
0    [main] WARN  com.mz.database.template.context.handlers.TemplateContextHandlerPackageProvider  - URL Loading
0    [main] WARN  com.mz.database.template.context.handlers.TemplateContextHandlerPackageProvider  - URL Loading
0    [main] WARN  com.mz.database.template.context.handlers.TemplateContextHandlerPackageProvider  - URL Loading
0    [main] WARN  com.mz.database.template.context.handlers.TemplateContextHandlerPackageProvider  - URL Loading
0    [main] WARN  com.mz.database.template.context.handlers.TemplateContextHandlerPackageProvider  - URL Loading
0    [main] WARN  com.mz.database.template.context.handlers.TemplateContextHandlerPackageProvider  - URL Loading
0    [main] WARN  com.mz.database.template.context.handlers.TemplateContextHandlerPackageProvider  - URL Loading
0    [main] WARN  com.mz.database.template.context.handlers.TemplateContextHandlerPackageProvider  - URL Loading
0    [main] WARN  com.mz.database.template.context.handlers.TemplateContextHandlerPackageProvider  - URL Loading
0    [main] WARN  com.mz.database.template.context.handlers.TemplateContextHandlerPackageProvider  - URL Loading
0    [main] WARN  com.mz.database.template.context.handlers.TemplateContextHandlerPackageProvider  - URL Loading
0    [main] WARN  com.mz.database.template.context.handlers.TemplateContextHandlerPackageProvider  - URL Loading
0    [main] INFO  com.mz.UI.MainClass  - MainClass start
14701 [AWT-EventQueue-0] WARN  com.mz.database.template.context.handlers.TemplateContextHandlerPackageProvider  - URL Loading
0    [main] WARN  com.mz.database.template.context.handlers.TemplateContextHandlerPackageProvider  - URL Loading
0    [main] WARN  com.mz.database.template.context.handlers.TemplateContextHandlerPackageProvider  - URL Loading
0    [main] WARN  com.mz.database.template.context.handlers.TemplateContextHandlerPackageProvider  - URL Loading
0    [main] WARN  com.mz.database.template.context.handlers.TemplateContextHandlerPackageProvider  - URL Loading
0    [main] INFO  com.mz.UI.MainClass  - MainClass start
11217 [AWT-EventQueue-0] WARN  com.mz.database.template.context.handlers.TemplateContextHandlerPackageProvider  - URL Loading
0    [main] WARN  com.mz.database.template.context.handlers.TemplateContextHandlerPackageProvider  - URL Loading
0    [main] INFO  com.mz.UI.MainClass  - MainClass start
10519 [AWT-EventQueue-0] WARN  com.mz.database.template.context.handlers.TemplateContextHandlerPackageProvider  - URL Loading
0    [main] INFO  com.mz.UI.MainClass  - MainClass start
9879 [AWT-EventQueue-0] WARN  com.mz.database.template.context.handlers.TemplateContextHandlerPackageProvider  - URL Loading
1    [main] INFO  com.mz.UI.MainClass  - MainClass start
7827 [AWT-EventQueue-0] WARN  com.mz.database.template.context.handlers.TemplateContextHandlerPackageProvider  - URL Loading
0    [main] INFO  com.mz.UI.MainClass  - MainClass start
165887 [AWT-EventQueue-0] WARN  com.mz.database.template.context.handlers.TemplateContextHandlerPackageProvider  - URL Loading
0    [main] INFO  com.mz.UI.MainClass  - MainClass start
11682 [AWT-EventQueue-0] WARN  com.mz.database.template.context.handlers.TemplateContextHandlerPackageProvider  - URL Loading
0    [main] WARN  com.mz.database.template.context.handlers.TemplateContextHandlerPackageProvider  - URL Loading
0    [main] INFO  com.mz.UI.MainClass  - MainClass start
10800 [AWT-EventQueue-0] WARN  com.mz.database.template.context.handlers.TemplateContextHandlerPackageProvider  - URL Loading
0    [main] INFO  com.mz.UI.MainClass  - MainClass start
13584 [AWT-EventQueue-0] WARN  com.mz.database.template.context.handlers.TemplateContextHandlerPackageProvider  - URL Loading
1    [main] INFO  com.mz.UI.MainClass  - MainClass start
12749 [AWT-EventQueue-0] WARN  com.mz.database.template.context.handlers.TemplateContextHandlerPackageProvider  - URL Loading
0    [main] INFO  com.mz.UI.MainClass  - MainClass start
12579 [AWT-EventQueue-0] WARN  com.mz.database.template.context.handlers.TemplateContextHandlerPackageProvider  - URL Loading
25166 [AWT-EventQueue-0] INFO  com.mz.UI.Frame.BundleSelectionUI  - hello
40042 [AWT-EventQueue-0] INFO  com.mz.UI.Frame.BundleSelectionUI  - hello
54812 [AWT-EventQueue-0] INFO  com.mz.UI.Frame.BundleSelectionUI  - hello
56119 [AWT-EventQueue-0] INFO  com.mz.UI.Frame.BundleSelectionUI  - hello
56325 [AWT-EventQueue-0] INFO  com.mz.UI.Frame.BundleSelectionUI  - hello
0    [main] INFO  com.mz.UI.MainClass  - MainClass start
11152 [AWT-EventQueue-0] WARN  com.mz.database.template.context.handlers.TemplateContextHandlerPackageProvider  - URL Loading
0    [main] INFO  com.mz.UI.MainClass  - MainClass start
10864 [AWT-EventQueue-0] WARN  com.mz.database.template.context.handlers.TemplateContextHandlerPackageProvider  - URL Loading
18229 [AWT-EventQueue-0] INFO  com.mz.UI.Frame.BundleSelectionUI  - hello
19169 [AWT-EventQueue-0] INFO  com.mz.UI.Frame.BundleSelectionUI  - hello
19365 [AWT-EventQueue-0] INFO  com.mz.UI.Frame.BundleSelectionUI  - hello
0    [main] INFO  com.mz.UI.MainClass  - MainClass start
9861 [AWT-EventQueue-0] WARN  com.mz.database.template.context.handlers.TemplateContextHandlerPackageProvider  - URL Loading
15280 [AWT-EventQueue-0] INFO  com.mz.UI.Frame.BundleSelectionUI  - hello
15851 [AWT-EventQueue-0] INFO  com.mz.UI.Frame.BundleSelectionUI  - hello
16039 [AWT-EventQueue-0] INFO  com.mz.UI.Frame.BundleSelectionUI  - hello
37131 [AWT-EventQueue-0] INFO  com.mz.UI.Frame.BundleSelectionUI  - hello
166102 [AWT-EventQueue-0] INFO  com.mz.UI.Frame.BundleSelectionUI  - hello
174704 [AWT-EventQueue-0] INFO  com.mz.UI.Frame.BundleSelectionUI  - hello
424618 [AWT-EventQueue-0] INFO  com.mz.UI.Frame.BundleSelectionUI  - hello
451003 [AWT-EventQueue-0] INFO  com.mz.UI.Frame.BundleSelectionUI  - hello
467574 [AWT-EventQueue-0] INFO  com.mz.UI.Frame.BundleSelectionUI  - hello
478744 [AWT-EventQueue-0] INFO  com.mz.UI.Frame.BundleSelectionUI  - hello
490800 [AWT-EventQueue-0] INFO  com.mz.UI.Frame.BundleSelectionUI  - hello
492375 [AWT-EventQueue-0] INFO  com.mz.UI.Frame.BundleSelectionUI  - hello
493114 [AWT-EventQueue-0] INFO  com.mz.UI.Frame.BundleSelectionUI  - hello
493337 [AWT-EventQueue-0] INFO  com.mz.UI.Frame.BundleSelectionUI  - hello
493659 [AWT-EventQueue-0] INFO  com.mz.UI.Frame.BundleSelectionUI  - hello
502794 [AWT-EventQueue-0] INFO  com.mz.UI.Frame.BundleSelectionUI  - hello
504060 [AWT-EventQueue-0] INFO  com.mz.UI.Frame.BundleSelectionUI  - hello
504304 [AWT-EventQueue-0] INFO  com.mz.UI.Frame.BundleSelectionUI  - hello
505189 [AWT-EventQueue-0] INFO  com.mz.UI.Frame.BundleSelectionUI  - hello
505658 [AWT-EventQueue-0] INFO  com.mz.UI.Frame.BundleSelectionUI  - hello
506942 [AWT-EventQueue-0] INFO  com.mz.UI.Frame.BundleSelectionUI  - hello
507770 [AWT-EventQueue-0] INFO  com.mz.UI.Frame.BundleSelectionUI  - hello
0    [main] INFO  com.mz.UI.MainClass  - MainClass start
14532 [AWT-EventQueue-0] WARN  com.mz.database.template.context.handlers.TemplateContextHandlerPackageProvider  - URL Loading
17258 [AWT-EventQueue-0] INFO  com.mz.UI.Frame.BundleSelectionUI  - hello
18252 [AWT-EventQueue-0] INFO  com.mz.UI.Frame.BundleSelectionUI  - hello
19120 [AWT-EventQueue-0] INFO  com.mz.UI.Frame.BundleSelectionUI  - hello
19714 [AWT-EventQueue-0] INFO  com.mz.UI.Frame.BundleSelectionUI  - hello
26981 [AWT-EventQueue-0] INFO  com.mz.UI.Frame.BundleSelectionUI  - hello
28095 [AWT-EventQueue-0] INFO  com.mz.UI.Frame.BundleSelectionUI  - hello
28685 [AWT-EventQueue-0] INFO  com.mz.UI.Frame.BundleSelectionUI  - hello
29167 [AWT-EventQueue-0] INFO  com.mz.UI.Frame.BundleSelectionUI  - hello
29557 [AWT-EventQueue-0] INFO  com.mz.UI.Frame.BundleSelectionUI  - hello
29769 [AWT-EventQueue-0] INFO  com.mz.UI.Frame.BundleSelectionUI  - hello
29967 [AWT-EventQueue-0] INFO  com.mz.UI.Frame.BundleSelectionUI  - hello
30155 [AWT-EventQueue-0] INFO  com.mz.UI.Frame.BundleSelectionUI  - hello
30993 [AWT-EventQueue-0] INFO  com.mz.UI.Frame.BundleSelectionUI  - hello
31523 [AWT-EventQueue-0] INFO  com.mz.UI.Frame.BundleSelectionUI  - hello
54349 [AWT-EventQueue-0] INFO  com.mz.UI.Frame.BundleSelectionUI  - hello
0    [main] INFO  com.mz.UI.MainClass  - MainClass start
13373 [AWT-EventQueue-0] WARN  com.mz.database.template.context.handlers.TemplateContextHandlerPackageProvider  - URL Loading
16195 [AWT-EventQueue-0] INFO  com.mz.UI.Frame.BundleSelectionUI  - hello
19889 [AWT-EventQueue-0] INFO  com.mz.UI.Frame.BundleSelectionUI  - hello
23207 [AWT-EventQueue-0] INFO  com.mz.UI.Frame.BundleSelectionUI  - hello
0    [main] INFO  com.mz.UI.MainClass  - MainClass start
9333 [AWT-EventQueue-0] WARN  com.mz.database.template.context.handlers.TemplateContextHandlerPackageProvider  - URL Loading
0    [main] WARN  com.mz.database.template.context.handlers.TemplateContextHandlerPackageProvider  - URL Loading
0    [main] WARN  com.mz.database.template.context.handlers.TemplateContextHandlerPackageProvider  - URL Loading
0    [main] INFO  com.mz.UI.MainClass  - MainClass start
11592 [AWT-EventQueue-0] WARN  com.mz.database.template.context.handlers.TemplateContextHandlerPackageProvider  - URL Loading
0    [main] INFO  com.mz.UI.MainClass  - MainClass start
10371 [AWT-EventQueue-0] WARN  com.mz.database.template.context.handlers.TemplateContextHandlerPackageProvider  - URL Loading
0    [main] INFO  com.mz.UI.MainClass  - MainClass start
18909 [AWT-EventQueue-0] WARN  com.mz.database.template.context.handlers.TemplateContextHandlerPackageProvider  - URL Loading
0    [main] INFO  com.mz.UI.MainClass  - MainClass start
0    [main] INFO  com.mz.UI.MainClass  - MainClass start
20382 [AWT-EventQueue-0] WARN  com.mz.database.template.context.handlers.TemplateContextHandlerPackageProvider  - URL Loading
0    [main] INFO  com.mz.UI.MainClass  - MainClass start
114843 [AWT-EventQueue-0] WARN  com.mz.database.template.context.handlers.TemplateContextHandlerPackageProvider  - URL Loading
0    [main] INFO  com.mz.UI.MainClass  - MainClass start
12619 [AWT-EventQueue-0] WARN  com.mz.database.template.context.handlers.TemplateContextHandlerPackageProvider  - URL Loading
0    [main] INFO  com.mz.UI.MainClass  - MainClass start
20953 [AWT-EventQueue-0] WARN  com.mz.database.template.context.handlers.TemplateContextHandlerPackageProvider  - URL Loading
0    [main] INFO  com.mz.UI.MainClass  - MainClass start
13440 [AWT-EventQueue-0] WARN  com.mz.database.template.context.handlers.TemplateContextHandlerPackageProvider  - URL Loading
0    [main] INFO  com.mz.UI.MainClass  - MainClass start
23925 [AWT-EventQueue-0] WARN  com.mz.database.template.context.handlers.TemplateContextHandlerPackageProvider  - URL Loading
0    [main] INFO  com.mz.UI.MainClass  - MainClass start
7607 [AWT-EventQueue-0] WARN  com.mz.database.template.context.handlers.TemplateContextHandlerPackageProvider  - URL Loading
0    [main] INFO  com.mz.UI.MainClass  - MainClass start
8679 [AWT-EventQueue-0] WARN  com.mz.database.template.context.handlers.TemplateContextHandlerPackageProvider  - URL Loading
0    [main] INFO  com.mz.UI.MainClass  - MainClass start
7574 [AWT-EventQueue-0] WARN  com.mz.database.template.context.handlers.TemplateContextHandlerPackageProvider  - URL Loading
0    [main] INFO  com.mz.UI.MainClass  - MainClass start
10763 [AWT-EventQueue-0] WARN  com.mz.database.template.context.handlers.TemplateContextHandlerPackageProvider  - URL Loading
0    [main] INFO  com.mz.UI.MainClass  - MainClass start
9259 [AWT-EventQueue-0] WARN  com.mz.database.template.context.handlers.TemplateContextHandlerPackageProvider  - URL Loading
0    [main] INFO  com.mz.UI.MainClass  - MainClass start
7573 [AWT-EventQueue-0] WARN  com.mz.database.template.context.handlers.TemplateContextHandlerPackageProvider  - URL Loading
0    [main] INFO  com.mz.UI.MainClass  - MainClass start
7201 [AWT-EventQueue-0] WARN  com.mz.database.template.context.handlers.TemplateContextHandlerPackageProvider  - URL Loading
0    [main] INFO  com.mz.UI.MainClass  - MainClass start
7505 [AWT-EventQueue-0] WARN  com.mz.database.template.context.handlers.TemplateContextHandlerPackageProvider  - URL Loading
0    [main] WARN  com.mz.database.template.context.handlers.TemplateContextHandlerPackageProvider  - URL Loading
0    [main] INFO  com.mz.UI.MainClass  - MainClass start
13440 [AWT-EventQueue-0] WARN  com.mz.database.template.context.handlers.TemplateContextHandlerPackageProvider  - URL Loading
0    [main] INFO  com.mz.UI.MainClass  - MainClass start
10185 [AWT-EventQueue-0] WARN  com.mz.database.template.context.handlers.TemplateContextHandlerPackageProvider  - URL Loading
0    [main] INFO  com.mz.UI.MainClass  - MainClass start
8956 [AWT-EventQueue-0] WARN  com.mz.database.template.context.handlers.TemplateContextHandlerPackageProvider  - URL Loading
0    [main] INFO  com.mz.UI.MainClass  - MainClass start
8814 [AWT-EventQueue-0] WARN  com.mz.database.template.context.handlers.TemplateContextHandlerPackageProvider  - URL Loading
0    [main] INFO  com.mz.UI.MainClass  - MainClass start
8960 [AWT-EventQueue-0] WARN  com.mz.database.template.context.handlers.TemplateContextHandlerPackageProvider  - URL Loading
0    [main] INFO  com.mz.UI.MainClass  - MainClass start
0    [main] INFO  com.mz.UI.MainClass  - MainClass start
10667 [AWT-EventQueue-0] INFO  com.mz.UI.Frame.DatabaseDefinitionUI  - Selected index :0
10752 [AWT-EventQueue-0] INFO  com.mz.UI.Frame.DatabaseDefinitionUI  - Selected index :0
12850 [AWT-EventQueue-0] WARN  com.mz.database.template.context.handlers.TemplateContextHandlerPackageProvider  - URL Loading
0    [main] INFO  com.mz.UI.MainClass  - MainClass start
8781 [AWT-EventQueue-0] WARN  com.mz.database.template.context.handlers.TemplateContextHandlerPackageProvider  - URL Loading
1    [main] INFO  com.mz.UI.MainClass  - MainClass start
8706 [AWT-EventQueue-0] WARN  com.mz.database.template.context.handlers.TemplateContextHandlerPackageProvider  - URL Loading
0    [main] INFO  com.mz.UI.MainClass  - MainClass start
7907 [AWT-EventQueue-0] WARN  com.mz.database.template.context.handlers.TemplateContextHandlerPackageProvider  - URL Loading
0    [main] INFO  com.mz.UI.MainClass  - MainClass start
8091 [AWT-EventQueue-0] WARN  com.mz.database.template.context.handlers.TemplateContextHandlerPackageProvider  - URL Loading
1    [main] INFO  com.mz.UI.MainClass  - MainClass start
8779 [AWT-EventQueue-0] WARN  com.mz.database.template.context.handlers.TemplateContextHandlerPackageProvider  - URL Loading
0    [main] WARN  com.mz.database.template.context.handlers.TemplateContextHandlerPackageProvider  - URL Loading
0    [main] INFO  com.mz.UI.MainClass  - MainClass start
11177 [AWT-EventQueue-0] WARN  com.mz.database.template.context.handlers.TemplateContextHandlerPackageProvider  - URL Loading
0    [main] INFO  com.mz.UI.MainClass  - MainClass start
8171 [AWT-EventQueue-0] WARN  com.mz.database.template.context.handlers.TemplateContextHandlerPackageProvider  - URL Loading
0    [main] INFO  com.mz.UI.MainClass  - MainClass start
8674 [AWT-EventQueue-0] WARN  com.mz.database.template.context.handlers.TemplateContextHandlerPackageProvider  - URL Loading
0    [main] INFO  com.mz.UI.MainClass  - MainClass start
8463 [AWT-EventQueue-0] WARN  com.mz.database.template.context.handlers.TemplateContextHandlerPackageProvider  - URL Loading
0    [main] INFO  com.mz.UI.MainClass  - MainClass start
8465 [AWT-EventQueue-0] WARN  com.mz.database.template.context.handlers.TemplateContextHandlerPackageProvider  - URL Loading
0    [main] INFO  com.mz.UI.MainClass  - MainClass start
9099 [AWT-EventQueue-0] WARN  com.mz.database.template.context.handlers.TemplateContextHandlerPackageProvider  - URL Loading
0    [main] WARN  com.mz.database.template.context.handlers.TemplateContextHandlerPackageProvider  - URL Loading
0    [main] INFO  com.mz.UI.MainClass  - MainClass start
9499 [AWT-EventQueue-0] WARN  com.mz.database.template.context.handlers.TemplateContextHandlerPackageProvider  - URL Loading
0    [main] WARN  com.mz.database.template.context.handlers.TemplateContextHandlerPackageProvider  - URL Loading
0    [main] INFO  com.mz.UI.MainClass  - MainClass start
12064 [AWT-EventQueue-0] WARN  com.mz.database.template.context.handlers.TemplateContextHandlerPackageProvider  - URL Loading
0    [main] WARN  com.mz.database.template.context.handlers.TemplateContextHandlerPackageProvider  - URL Loading
1    [main] INFO  com.mz.UI.MainClass  - MainClass start
42051 [AWT-EventQueue-0] WARN  com.mz.database.template.context.handlers.TemplateContextHandlerPackageProvider  - URL Loading
0    [main] INFO  com.mz.UI.MainClass  - MainClass start
10755 [AWT-EventQueue-0] WARN  com.mz.database.template.context.handlers.TemplateContextHandlerPackageProvider  - URL Loading
0    [main] WARN  com.mz.database.template.context.handlers.TemplateContextHandlerPackageProvider  - URL Loading
0    [main] INFO  com.mz.UI.MainClass  - MainClass start
9770 [AWT-EventQueue-0] WARN  com.mz.database.template.context.handlers.TemplateContextHandlerPackageProvider  - URL Loading
0    [main] INFO  com.mz.UI.MainClass  - MainClass start
13983 [AWT-EventQueue-0] WARN  com.mz.database.template.context.handlers.TemplateContextHandlerPackageProvider  - URL Loading
0    [main] INFO  com.mz.UI.MainClass  - MainClass start
12105 [AWT-EventQueue-0] WARN  com.mz.database.template.context.handlers.TemplateContextHandlerPackageProvider  - URL Loading
0    [main] INFO  com.mz.UI.MainClass  - MainClass start
9577 [AWT-EventQueue-0] WARN  com.mz.database.template.context.handlers.TemplateContextHandlerPackageProvider  - URL Loading
0    [main] INFO  com.mz.UI.MainClass  - MainClass start
7990 [AWT-EventQueue-0] WARN  com.mz.database.template.context.handlers.TemplateContextHandlerPackageProvider  - URL Loading
0    [main] INFO  com.mz.UI.MainClass  - MainClass start
11750 [AWT-EventQueue-0] WARN  com.mz.database.template.context.handlers.TemplateContextHandlerPackageProvider  - URL Loading
0    [main] INFO  com.mz.UI.MainClass  - MainClass start
7171 [AWT-EventQueue-0] WARN  com.mz.database.template.context.handlers.TemplateContextHandlerPackageProvider  - URL Loading
0    [main] INFO  com.mz.UI.MainClass  - MainClass start
9742 [AWT-EventQueue-0] WARN  com.mz.database.template.context.handlers.TemplateContextHandlerPackageProvider  - URL Loading
0    [main] INFO  com.mz.UI.MainClass  - MainClass start
7910 [AWT-EventQueue-0] WARN  com.mz.database.template.context.handlers.TemplateContextHandlerPackageProvider  - URL Loading
0    [main] WARN  com.mz.database.template.context.handlers.TemplateContextHandlerPackageProvider  - URL Loading
0    [main] INFO  com.mz.UI.MainClass  - MainClass start
7633 [AWT-EventQueue-0] WARN  com.mz.database.template.context.handlers.TemplateContextHandlerPackageProvider  - URL Loading
1    [main] INFO  com.mz.UI.MainClass  - MainClass start
7959 [AWT-EventQueue-0] WARN  com.mz.database.template.context.handlers.TemplateContextHandlerPackageProvider  - URL Loading
0    [main] INFO  com.mz.UI.MainClass  - MainClass start
0    [main] INFO  com.mz.UI.MainClass  - MainClass start
0    [main] WARN  com.mz.database.template.context.handlers.TemplateContextHandlerPackageProvider  - URL Loading
0    [main] WARN  com.mz.database.template.context.handlers.TemplateContextHandlerPackageProvider  - URL Loading
0    [main] WARN  com.mz.database.template.context.handlers.TemplateContextHandlerPackageProvider  - URL Loading
0    [main] INFO  com.mz.UI.MainClass  - MainClass start
0    [main] INFO  com.mz.UI.MainClass  - MainClass start
0    [main] INFO  com.mz.UI.MainClass  - MainClass start
0    [main] WARN  com.mz.database.template.context.handlers.TemplateContextHandlerPackageProvider  - URL Loading
0    [main] WARN  com.mz.database.template.context.handlers.TemplateContextHandlerPackageProvider  - URL Loading
0    [main] INFO  com.mz.UI.MainClass  - MainClass start
0    [main] INFO  com.mz.UI.MainClass  - MainClass start
0    [main] INFO  com.mz.UI.MainClass  - MainClass start
7016 [AWT-EventQueue-0] INFO  com.mz.UI.Frame.DatabaseDefinitionUI  - Selected index :0
7078 [AWT-EventQueue-0] INFO  com.mz.UI.Frame.DatabaseDefinitionUI  - Selected index :0
0    [main] WARN  com.mz.database.template.context.handlers.TemplateContextHandlerPackageProvider  - URL Loading
0    [main] WARN  com.mz.database.template.context.handlers.TemplateContextHandlerPackageProvider  - URL Loading
0    [main] INFO  com.mz.UI.MainClass  - MainClass start
0    [main] INFO  com.mz.UI.MainClass  - MainClass start
0    [main] INFO  com.mz.UI.MainClass  - MainClass start
23713 [AWT-EventQueue-0] WARN  com.mz.database.template.context.handlers.TemplateContextHandlerPackageProvider  - URL Loading
197923 [AWT-EventQueue-0] INFO  com.mz.UI.Frame.DatabaseDefinitionUI  - Selected index :0
198025 [AWT-EventQueue-0] INFO  com.mz.UI.Frame.DatabaseDefinitionUI  - Selected index :0
0    [main] INFO  com.mz.UI.MainClass  - MainClass start
0    [main] INFO  com.mz.UI.MainClass  - MainClass start
8388 [AWT-EventQueue-0] WARN  com.mz.database.template.context.handlers.TemplateContextHandlerPackageProvider  - URL Loading
0    [main] INFO  com.mz.UI.MainClass  - MainClass start
7176 [AWT-EventQueue-0] WARN  com.mz.database.template.context.handlers.TemplateContextHandlerPackageProvider  - URL Loading
0    [main] INFO  com.mz.UI.MainClass  - MainClass start
4958 [AWT-EventQueue-0] WARN  com.mz.database.template.context.handlers.TemplateContextHandlerPackageProvider  - URL Loading
0    [main] INFO  com.mz.UI.MainClass  - MainClass start
7946 [AWT-EventQueue-0] WARN  com.mz.database.template.context.handlers.TemplateContextHandlerPackageProvider  - URL Loading
0    [main] INFO  com.mz.UI.MainClass  - MainClass start
0    [main] INFO  com.mz.UI.MainClass  - MainClass start
0    [main] INFO  com.mz.UI.MainClass  - MainClass start
4723 [AWT-EventQueue-0] WARN  com.mz.database.template.context.handlers.TemplateContextHandlerPackageProvider  - URL Loading
0    [main] INFO  com.mz.UI.MainClass  - MainClass start
4671 [AWT-EventQueue-0] WARN  com.mz.database.template.context.handlers.TemplateContextHandlerPackageProvider  - URL Loading
0    [main] INFO  com.mz.UI.MainClass  - MainClass start
4762 [AWT-EventQueue-0] WARN  com.mz.database.template.context.handlers.TemplateContextHandlerPackageProvider  - URL Loading
1    [main] INFO  com.mz.UI.MainClass  - MainClass start
5948 [AWT-EventQueue-0] WARN  com.mz.database.template.context.handlers.TemplateContextHandlerPackageProvider  - URL Loading
0    [main] INFO  com.mz.UI.MainClass  - MainClass start
4897 [AWT-EventQueue-0] WARN  com.mz.database.template.context.handlers.TemplateContextHandlerPackageProvider  - URL Loading
0    [main] INFO  com.mz.UI.MainClass  - MainClass start
42288 [AWT-EventQueue-0] WARN  com.mz.database.template.context.handlers.TemplateContextHandlerPackageProvider  - URL Loading
0    [main] INFO  com.mz.UI.MainClass  - MainClass start
6425 [AWT-EventQueue-0] WARN  com.mz.database.template.context.handlers.TemplateContextHandlerPackageProvider  - URL Loading
0    [main] INFO  com.mz.UI.MainClass  - MainClass start
0    [main] INFO  com.mz.UI.MainClass  - MainClass start
0    [main] INFO  com.mz.UI.MainClass  - MainClass start
0    [main] INFO  com.mz.UI.MainClass  - MainClass start
0    [main] INFO  com.mz.UI.MainClass  - MainClass start
0    [main] INFO  com.mz.UI.MainClass  - MainClass start
0    [main] INFO  com.mz.UI.MainClass  - MainClass start
0    [main] INFO  com.mz.UI.MainClass  - MainClass start
0    [main] INFO  com.mz.UI.MainClass  - MainClass start
0    [main] INFO  com.mz.UI.MainClass  - MainClass start
0    [main] INFO  com.mz.UI.MainClass  - MainClass start
0    [main] INFO  com.mz.UI.MainClass  - MainClass start
33862 [AWT-EventQueue-0] INFO  com.mz.UI.Frame.DatabaseDefinitionUI  - Selected index :0
33956 [AWT-EventQueue-0] INFO  com.mz.UI.Frame.DatabaseDefinitionUI  - Selected index :0
0    [main] INFO  com.mz.UI.MainClass  - MainClass start
0    [main] INFO  com.mz.UI.MainClass  - MainClass start
0    [main] INFO  com.mz.UI.MainClass  - MainClass start
0    [main] INFO  com.mz.UI.MainClass  - MainClass start
0    [main] INFO  com.mz.UI.MainClass  - MainClass start
0    [main] INFO  com.mz.UI.MainClass  - MainClass start
0    [main] INFO  com.mz.UI.MainClass  - MainClass start
0    [main] INFO  com.mz.UI.MainClass  - MainClass start
0    [main] INFO  com.mz.UI.MainClass  - MainClass start
0    [main] INFO  com.mz.UI.MainClass  - MainClass start
0    [main] INFO  com.mz.UI.MainClass  - MainClass start
0    [main] INFO  com.mz.UI.MainClass  - MainClass start
0    [main] INFO  com.mz.UI.MainClass  - MainClass start
0    [main] INFO  com.mz.UI.MainClass  - MainClass start
0    [main] INFO  com.mz.UI.MainClass  - MainClass start
0    [main] INFO  com.mz.UI.MainClass  - MainClass start
8301 [AWT-EventQueue-0] INFO  com.mz.UI.Frame.DatabaseDefinitionUI  - Selected index :0
8385 [AWT-EventQueue-0] INFO  com.mz.UI.Frame.DatabaseDefinitionUI  - Selected index :0
53389 [AWT-EventQueue-0] WARN  com.mz.database.template.context.handlers.TemplateContextHandlerPackageProvider  - URL Loading
0    [main] WARN  com.mz.database.template.context.handlers.TemplateContextHandlerPackageProvider  - URL Loading
0    [main] INFO  com.mz.UI.MainClass  - MainClass start
0    [main] INFO  com.mz.UI.MainClass  - MainClass start
0    [main] INFO  com.mz.UI.MainClass  - MainClass start
0    [main] INFO  com.mz.UI.MainClass  - MainClass start
8322 [AWT-EventQueue-0] WARN  com.mz.database.template.context.handlers.TemplateContextHandlerPackageProvider  - URL Loading
0    [main] INFO  com.mz.UI.MainClass  - MainClass start
0    [main] INFO  com.mz.UI.MainClass  - MainClass start
20422 [AWT-EventQueue-0] WARN  com.mz.database.template.context.handlers.TemplateContextHandlerPackageProvider  - URL Loading
0    [main] INFO  com.mz.UI.MainClass  - MainClass start
10257 [AWT-EventQueue-0] WARN  com.mz.database.template.context.handlers.TemplateContextHandlerPackageProvider  - URL Loading
0    [main] INFO  com.mz.UI.MainClass  - MainClass start
5546 [AWT-EventQueue-0] WARN  com.mz.database.template.context.handlers.TemplateContextHandlerPackageProvider  - URL Loading
0    [main] INFO  com.mz.UI.MainClass  - MainClass start
5224 [AWT-EventQueue-0] WARN  com.mz.database.template.context.handlers.TemplateContextHandlerPackageProvider  - URL Loading
0    [main] INFO  com.mz.UI.MainClass  - MainClass start
6048 [AWT-EventQueue-0] WARN  com.mz.database.template.context.handlers.TemplateContextHandlerPackageProvider  - URL Loading
0    [main] INFO  com.mz.UI.MainClass  - MainClass start
4109 [AWT-EventQueue-0] WARN  com.mz.database.template.context.handlers.TemplateContextHandlerPackageProvider  - URL Loading
0    [main] INFO  com.mz.UI.MainClass  - MainClass start
0    [main] INFO  com.mz.UI.MainClass  - MainClass start
0    [main] INFO  com.mz.UI.MainClass  - MainClass start
0    [main] INFO  com.mz.UI.MainClass  - MainClass start
0    [main] INFO  com.mz.UI.MainClass  - MainClass start
0    [main] INFO  com.mz.UI.MainClass  - MainClass start
0    [main] INFO  com.mz.UI.MainClass  - MainClass start
0    [main] INFO  com.mz.UI.MainClass  - MainClass start
0    [main] INFO  com.mz.UI.MainClass  - MainClass start
0    [main] INFO  com.mz.UI.MainClass  - MainClass start
0    [main] INFO  com.mz.UI.MainClass  - MainClass start
0    [main] INFO  com.mz.UI.MainClass  - MainClass start
